<?xml version="1.0" encoding="UTF-8"?>
<testsuites name="jest tests" tests="13" failures="0" time="1.873">
  <testsuite name="undefined" errors="0" failures="0" skipped="0" timestamp="2021-10-21T17:07:31" time="0.508" tests="1">
    <testcase classname=" renders suite" name=" renders suite" time="0.013">
    </testcase>
  </testsuite>
  <testsuite name="undefined" errors="0" failures="0" skipped="0" timestamp="2021-10-21T17:07:32" time="0.202" tests="1">
    <testcase classname=" get suites" name=" get suites" time="0.112">
    </testcase>
  </testsuite>
  <testsuite name="undefined" errors="0" failures="0" skipped="0" timestamp="2021-10-21T17:07:32" time="0.092" tests="1">
    <testcase classname=" renders files" name=" renders files" time="0.003">
    </testcase>
  </testsuite>
  <testsuite name="undefined" errors="0" failures="0" skipped="0" timestamp="2021-10-21T17:07:32" time="0.08" tests="1">
    <testcase classname=" get description" name=" get description" time="0.005">
    </testcase>
  </testsuite>
  <testsuite name="undefined" errors="0" failures="0" skipped="0" timestamp="2021-10-21T17:07:32" time="0.057" tests="1">
    <testcase classname=" complete multi suites" name=" complete multi suites" time="0.006">
    </testcase>
  </testsuite>
  <testsuite name="undefined" errors="0" failures="0" skipped="0" timestamp="2021-10-21T17:07:32" time="0.058" tests="1">
    <testcase classname=" renders properties options" name=" renders properties options" time="0.002">
    </testcase>
  </testsuite>
  <testsuite name="undefined" errors="0" failures="0" skipped="0" timestamp="2021-10-21T17:07:32" time="0.051" tests="1">
    <testcase classname=" get files" name=" get files" time="0.005">
    </testcase>
  </testsuite>
  <testsuite name="undefined" errors="0" failures="0" skipped="0" timestamp="2021-10-21T17:07:32" time="0.045" tests="2">
    <testcase classname=" renders hero" name=" renders hero" time="0.002">
    </testcase>
    <testcase classname=" renders hero with title and brand" name=" renders hero with title and brand" time="0.001">
    </testcase>
  </testsuite>
  <testsuite name="undefined" errors="0" failures="0" skipped="0" timestamp="2021-10-21T17:07:33" time="0.042" tests="1">
    <testcase classname=" renders suite options" name=" renders suite options" time="0.002">
    </testcase>
  </testsuite>
  <testsuite name="undefined" errors="0" failures="0" skipped="0" timestamp="2021-10-21T17:07:33" time="0.047" tests="1">
    <testcase classname=" renders test options" name=" renders test options" time="0.003">
    </testcase>
  </testsuite>
  <testsuite name="undefined" errors="0" failures="0" skipped="0" timestamp="2021-10-21T17:07:33" time="0.037" tests="1">
    <testcase classname=" renders logo" name=" renders logo" time="0.001">
    </testcase>
  </testsuite>
  <testsuite name="undefined" errors="0" failures="0" skipped="0" timestamp="2021-10-21T17:07:33" time="0.04" tests="1">
    <testcase classname=" renders toggle" name=" renders toggle" time="0.001">
    </testcase>
  </testsuite>
</testsuites>