<?xml version="1.0" encoding="UTF-8"?>
<testsuites name="jest tests" tests="13" failures="0" time="3.804">
  <testsuite name="undefined" errors="0" failures="0" skipped="0" timestamp="2021-03-02T21:02:23" time="1.01" tests="1">
    <testcase classname=" renders logo" name=" renders logo" time="0.021">
    </testcase>
  </testsuite>
  <testsuite name="undefined" errors="0" failures="0" skipped="0" timestamp="2021-03-02T21:02:23" time="1.034" tests="2">
    <testcase classname=" renders hero" name=" renders hero" time="0.025">
    </testcase>
    <testcase classname=" renders hero with title and brand" name=" renders hero with title and brand" time="0.002">
    </testcase>
  </testsuite>
  <testsuite name="undefined" errors="0" failures="0" skipped="0" timestamp="2021-03-02T21:02:24" time="0.225" tests="1">
    <testcase classname=" renders suite options" name=" renders suite options" time="0.005">
    </testcase>
  </testsuite>
  <testsuite name="undefined" errors="0" failures="0" skipped="0" timestamp="2021-03-02T21:02:24" time="0.454" tests="1">
    <testcase classname=" get suites" name=" get suites" time="0.189">
    </testcase>
  </testsuite>
  <testsuite name="undefined" errors="0" failures="0" skipped="0" timestamp="2021-03-02T21:02:24" time="0.319" tests="1">
    <testcase classname=" complete multi suites" name=" complete multi suites" time="0.02">
    </testcase>
  </testsuite>
  <testsuite name="undefined" errors="0" failures="0" skipped="0" timestamp="2021-03-02T21:02:24" time="0.229" tests="1">
    <testcase classname=" get description" name=" get description" time="0.014">
    </testcase>
  </testsuite>
  <testsuite name="undefined" errors="0" failures="0" skipped="0" timestamp="2021-03-02T21:02:24" time="0.303" tests="1">
    <testcase classname=" renders properties options" name=" renders properties options" time="0.008">
    </testcase>
  </testsuite>
  <testsuite name="undefined" errors="0" failures="0" skipped="0" timestamp="2021-03-02T21:02:24" time="0.295" tests="1">
    <testcase classname=" get files" name=" get files" time="0.008">
    </testcase>
  </testsuite>
  <testsuite name="undefined" errors="0" failures="0" skipped="0" timestamp="2021-03-02T21:02:25" time="0.294" tests="1">
    <testcase classname=" renders files" name=" renders files" time="0.007">
    </testcase>
  </testsuite>
  <testsuite name="undefined" errors="0" failures="0" skipped="0" timestamp="2021-03-02T21:02:25" time="0.287" tests="1">
    <testcase classname=" renders test options" name=" renders test options" time="0.006">
    </testcase>
  </testsuite>
  <testsuite name="undefined" errors="0" failures="0" skipped="0" timestamp="2021-03-02T21:02:25" time="0.308" tests="1">
    <testcase classname=" renders suite" name=" renders suite" time="0.014">
    </testcase>
  </testsuite>
  <testsuite name="undefined" errors="0" failures="0" skipped="0" timestamp="2021-03-02T21:02:25" time="0.23" tests="1">
    <testcase classname=" renders toggle" name=" renders toggle" time="0.008">
    </testcase>
  </testsuite>
</testsuites>