<?xml version="1.0" encoding="UTF-8"?>
<testsuites name="jest tests" tests="12" failures="0" time="3.015">
  <testsuite name="undefined" errors="0" failures="0" skipped="0" timestamp="2020-01-16T12:06:16" time="1.084" tests="1">
    <testcase classname=" renders test options" name=" renders test options" time="0.026">
    </testcase>
  </testsuite>
  <testsuite name="undefined" errors="0" failures="0" skipped="0" timestamp="2020-01-16T12:06:16" time="1.246" tests="1">
    <testcase classname=" complete multi suites" name=" complete multi suites" time="0.036">
    </testcase>
  </testsuite>
  <testsuite name="undefined" errors="0" failures="0" skipped="0" timestamp="2020-01-16T12:06:16" time="1.179" tests="1">
    <testcase classname=" renders suite" name=" renders suite" time="0.031">
    </testcase>
  </testsuite>
  <testsuite name="undefined" errors="0" failures="0" skipped="0" timestamp="2020-01-16T12:06:17" time="0.274" tests="1">
    <testcase classname=" renders properties options" name=" renders properties options" time="0.005">
    </testcase>
  </testsuite>
  <testsuite name="undefined" errors="0" failures="0" skipped="0" timestamp="2020-01-16T12:06:16" time="1.337" tests="1">
    <testcase classname=" get description" name=" get description" time="0.016">
    </testcase>
  </testsuite>
  <testsuite name="undefined" errors="0" failures="0" skipped="0" timestamp="2020-01-16T12:06:16" time="1.455" tests="1">
    <testcase classname=" renders hero" name=" renders hero" time="0.062">
    </testcase>
  </testsuite>
  <testsuite name="undefined" errors="0" failures="0" skipped="0" timestamp="2020-01-16T12:06:16" time="1.354" tests="1">
    <testcase classname=" get files" name=" get files" time="0.02">
    </testcase>
  </testsuite>
  <testsuite name="undefined" errors="0" failures="0" skipped="0" timestamp="2020-01-16T12:06:17" time="0.309" tests="1">
    <testcase classname=" renders suite options" name=" renders suite options" time="0.019">
    </testcase>
  </testsuite>
  <testsuite name="undefined" errors="0" failures="0" skipped="0" timestamp="2020-01-16T12:06:17" time="0.333" tests="1">
    <testcase classname=" renders files" name=" renders files" time="0.007">
    </testcase>
  </testsuite>
  <testsuite name="undefined" errors="0" failures="0" skipped="0" timestamp="2020-01-16T12:06:18" time="0.211" tests="1">
    <testcase classname=" renders logo" name=" renders logo" time="0.004">
    </testcase>
  </testsuite>
  <testsuite name="undefined" errors="0" failures="0" skipped="0" timestamp="2020-01-16T12:06:16" time="1.601" tests="1">
    <testcase classname=" get suites" name=" get suites" time="0.161">
    </testcase>
  </testsuite>
  <testsuite name="undefined" errors="0" failures="0" skipped="0" timestamp="2020-01-16T12:06:18" time="0.249" tests="1">
    <testcase classname=" renders toggle" name=" renders toggle" time="0.015">
    </testcase>
  </testsuite>
</testsuites>