<?xml version="1.0" encoding="UTF-8"?>
<testsuites name="jest tests" tests="12" failures="0" time="5.921">
  <testsuite name="undefined" errors="0" failures="0" skipped="0" timestamp="2020-02-19T16:35:29" time="2.697" tests="1">
    <testcase classname=" get files" name=" get files" time="0.03">
    </testcase>
  </testsuite>
  <testsuite name="undefined" errors="0" failures="0" skipped="0" timestamp="2020-02-19T16:35:29" time="2.875" tests="1">
    <testcase classname=" complete multi suites" name=" complete multi suites" time="0.04">
    </testcase>
  </testsuite>
  <testsuite name="undefined" errors="0" failures="0" skipped="0" timestamp="2020-02-19T16:35:29" time="3.11" tests="1">
    <testcase classname=" renders properties options" name=" renders properties options" time="0.059">
    </testcase>
  </testsuite>
  <testsuite name="undefined" errors="0" failures="0" skipped="0" timestamp="2020-02-19T16:35:29" time="3.177" tests="1">
    <testcase classname=" get description" name=" get description" time="0.029">
    </testcase>
  </testsuite>
  <testsuite name="undefined" errors="0" failures="0" skipped="0" timestamp="2020-02-19T16:35:29" time="3.237" tests="1">
    <testcase classname=" renders test options" name=" renders test options" time="0.043">
    </testcase>
  </testsuite>
  <testsuite name="undefined" errors="0" failures="0" skipped="0" timestamp="2020-02-19T16:35:29" time="3.386" tests="1">
    <testcase classname=" get suites" name=" get suites" time="0.236">
    </testcase>
  </testsuite>
  <testsuite name="undefined" errors="0" failures="0" skipped="0" timestamp="2020-02-19T16:35:29" time="3.464" tests="1">
    <testcase classname=" renders suite" name=" renders suite" time="0.055">
    </testcase>
  </testsuite>
  <testsuite name="undefined" errors="0" failures="0" skipped="0" timestamp="2020-02-19T16:35:32" time="0.638" tests="1">
    <testcase classname=" renders toggle" name=" renders toggle" time="0.033">
    </testcase>
  </testsuite>
  <testsuite name="undefined" errors="0" failures="0" skipped="0" timestamp="2020-02-19T16:35:32" time="0.971" tests="1">
    <testcase classname=" renders suite options" name=" renders suite options" time="0.025">
    </testcase>
  </testsuite>
  <testsuite name="undefined" errors="0" failures="0" skipped="0" timestamp="2020-02-19T16:35:32" time="0.556" tests="1">
    <testcase classname=" renders hero" name=" renders hero" time="0.008">
    </testcase>
  </testsuite>
  <testsuite name="undefined" errors="0" failures="0" skipped="0" timestamp="2020-02-19T16:35:32" time="0.632" tests="1">
    <testcase classname=" renders logo" name=" renders logo" time="0.022">
    </testcase>
  </testsuite>
  <testsuite name="undefined" errors="0" failures="0" skipped="0" timestamp="2020-02-19T16:35:32" time="0.771" tests="1">
    <testcase classname=" renders files" name=" renders files" time="0.005">
    </testcase>
  </testsuite>
</testsuites>